Build started 1/10/2016 4:24:32 PM.
     1>Project "C:\Users\Captain Kirk\Desktop\DeepBlue\DeepBlue.vcxproj" on node 2 (Build target(s)).
     1>ClCompile:
         C:\Program Files (x86)\Microsoft Visual Studio 14.0\VC\bin\CL.exe /c /ZI /nologo /W3 /WX- /sdl /Od /Oy- /D _MBCS /Gm /EHsc /RTC1 /MDd /GS /fp:precise /Zc:wchar_t /Zc:forScope /Zc:inline /Fo"Debug\\" /Fd"Debug\vc140.pdb" /Gd /TP /analyze- /errorReport:prompt src\DeepBlue.cpp
         DeepBlue.cpp
     1>c:\users\captain kirk\desktop\deepblue\src\deepblue.cpp(32): warning C4244: 'argument': conversion from 'time_t' to 'unsigned int', possible loss of data
     1>c:\users\captain kirk\desktop\deepblue\src\deepblue.cpp(75): warning C4244: 'initializing': conversion from 'double' to 'float', possible loss of data
     1>c:\users\captain kirk\desktop\deepblue\src\deepblue.cpp(86): warning C4244: 'initializing': conversion from 'double' to 'float', possible loss of data
       Link:
         C:\Program Files (x86)\Microsoft Visual Studio 14.0\VC\bin\link.exe /ERRORREPORT:PROMPT /OUT:"C:\Users\Captain Kirk\Desktop\DeepBlue\Debug\DeepBlue.exe" /INCREMENTAL /NOLOGO opengl32.lib glfw3.lib glew32s.lib soil.lib kernel32.lib user32.lib gdi32.lib winspool.lib comdlg32.lib advapi32.lib shell32.lib ole32.lib oleaut32.lib uuid.lib odbc32.lib odbccp32.lib /MANIFEST /MANIFESTUAC:"level='asInvoker' uiAccess='false'" /manifest:embed /Debug /PDB:"C:\Users\Captain Kirk\Desktop\DeepBlue\Debug\DeepBlue.pdb" /TLBID:1 /DYNAMICBASE /NXCOMPAT /IMPLIB:"C:\Users\Captain Kirk\Desktop\DeepBlue\Debug\DeepBlue.lib" /MACHINE:X86 Debug\ResourceManager.obj
         Debug\Camera.obj
         Debug\CameraComponent.obj
         Debug\Component.obj
         Debug\DeepBlue.obj
         Debug\Entity.obj
         Debug\EntityManager.obj
         Debug\GLCore.obj
         Debug\InputManager.obj
         Debug\InputSystem.obj
         Debug\LightComponent.obj
         Debug\LightManager.obj
         Debug\LightSystem.obj
         Debug\main.obj
         Debug\Material.obj
         Debug\Mesh.obj
         Debug\PhysicsComponent.obj
         Debug\PhysicsSystem.obj
         Debug\RenderComponent.obj
         Debug\RenderSystem.obj
         Debug\Shader.obj
         Debug\ShaderProgram.obj
         Debug\System.obj
         Debug\SystemManager.obj
         Debug\Texture.obj
         Debug\TransformComponent.obj
         DeepBlue.vcxproj -> C:\Users\Captain Kirk\Desktop\DeepBlue\Debug\DeepBlue.exe
     1>Done Building Project "C:\Users\Captain Kirk\Desktop\DeepBlue\DeepBlue.vcxproj" (Build target(s)).

Build succeeded.

Time Elapsed 00:00:01.27
